<?xml version="1.0" encoding="UTF-8"?>
<!-- Generated by org.testng.reporters.JUnitReportReporter -->
<testsuite hostname="LAPTOP-R0LDLEQH" failures="0" tests="1" name="com.tenableProject.Test.TC_03Verify_ErrorMessage" time="3.931" errors="0" timestamp="2024-08-04T17:05:57 IST" skipped="0">
  <testcase classname="com.tenableProject.Test.TC_03Verify_ErrorMessage" name="verify_ErrorMessage" time="3.931"/>
  <system-out/>
</testsuite> <!-- com.tenableProject.Test.TC_03Verify_ErrorMessage -->
